<?xml version="1.0" encoding="UTF-8"?>
<testsuite name="com.thoughtworks.string_joiner.StringJoinerTests" tests="4" skipped="0" failures="0" errors="0" timestamp="2015-04-02T23:27:31" hostname="DavidsPC" time="0.022">
  <properties/>
  <testcase name="shouldJoinIntoAnEmptyStringWhenListIsEmpty" classname="com.thoughtworks.string_joiner.StringJoinerTests" time="0.009"/>
  <testcase name="shouldJoinIntoTheStringWhenListIsOneString" classname="com.thoughtworks.string_joiner.StringJoinerTests" time="0.001"/>
  <testcase name="shouldContainBothStringsWhenListIsTwoStrings" classname="com.thoughtworks.string_joiner.StringJoinerTests" time="0.011"/>
  <testcase name="shouldPutDelimiterBetweenStrings" classname="com.thoughtworks.string_joiner.StringJoinerTests" time="0.001"/>
  <system-out><![CDATA[]]></system-out>
  <system-err><![CDATA[]]></system-err>
</testsuite>
