<?xml version="1.0" encoding="UTF-8"?>
<testsuite name="com.thoughtworks.factorial.FactorialTests" tests="1" skipped="0" failures="0" errors="0" timestamp="2015-04-02T23:46:02" hostname="DavidsPC" time="0.007">
  <properties/>
  <testcase name="shouldReturnOneWhenNumberIsZero" classname="com.thoughtworks.factorial.FactorialTests" time="0.007"/>
  <system-out><![CDATA[]]></system-out>
  <system-err><![CDATA[]]></system-err>
</testsuite>
